

***********************************************************************
Fatal OSN connect error 12203, connecting to:
 (DESCRIPTION=(ADDRESS_LIST=(ADDRESS=(COMMUNITY=spx.world)(PROTOCOL=SPX)(Service=REAL_LSNR))(ADDRESS=(COMMUNITY=tcp.world)(PROTOCOL=TCP)(Host=172.16.48.154)(Port=1521)))(CONNECT_DATA=(SID=ORCL)(CID=(PROGRAM=suplr51.exe)(HOST=I40884)(USER=user))))

  VERSION INFORMATION:
	TNS for 32-bit Windows: Version 2.3.3.0.0 - Production
	NOVELL SPX/IPX NT Protocol Adapter for 32-bit Windows: Version 2.3.3.0.0 - Production
	Windows NT TCP/IP NT Protocol Adapter for 32-bit Windows: Version 2.3.3.0.0 - Production
  Time: 24-DEC-13 13:56:57
  Tracing not turned on.
  Tns error struct:
    nr err code: 12203
    TNS-12203: TNS:unable to connect to destination
    ns main err code: 12535
    TNS-12535: TNS:operation timed out
    ns secondary err code: 12560
    nt main err code: 505
    TNS-00505: Operation timed out
    nt secondary err code: 60
    nt OS err code: 0


***********************************************************************
Fatal OSN connect error 12203, connecting to:
 (DESCRIPTION=(ADDRESS_LIST=(ADDRESS=(COMMUNITY=spx.world)(PROTOCOL=SPX)(Service=NETFIN1))(ADDRESS=(COMMUNITY=tcp.world)(PROTOCOL=TCP)(Host=172.16.59.178)(Port=1521)))(CONNECT_DATA=(SID=ORCL)(CID=(PROGRAM=suplr11.exe)(HOST=I40884)(USER=user))))

  VERSION INFORMATION:
	TNS for 32-bit Windows: Version 2.3.3.0.0 - Production
	NOVELL SPX/IPX NT Protocol Adapter for 32-bit Windows: Version 2.3.3.0.0 - Production
	Windows NT TCP/IP NT Protocol Adapter for 32-bit Windows: Version 2.3.3.0.0 - Production
  Time: 26-SEP-14 12:53:47
  Tracing not turned on.
  Tns error struct:
    nr err code: 12203
    TNS-12203: TNS:unable to connect to destination
    ns main err code: 12541
    TNS-12541: TNS:no listener
    ns secondary err code: 12560
    nt main err code: 511
    TNS-00511: No listener
    nt secondary err code: 61
    nt OS err code: 0


***********************************************************************
Fatal OSN connect error 12203, connecting to:
 (DESCRIPTION=(ADDRESS_LIST=(ADDRESS=(PROTOCOL=TCP)(HOST=172.16.48.182)(PORT=1521))(ADDRESS=(PROTOCOL=SPX)(Service=NFP2_LSNR)))(CONNECT_DATA=(SID=ORCL)(CID=(PROGRAM=suplr11.exe)(HOST=I40884)(USER=user)))(SOURCE_ROUTE=YES))

  VERSION INFORMATION:
	TNS for 32-bit Windows: Version 2.3.3.0.0 - Production
	NOVELL SPX/IPX NT Protocol Adapter for 32-bit Windows: Version 2.3.3.0.0 - Production
	Windows NT TCP/IP NT Protocol Adapter for 32-bit Windows: Version 2.3.3.0.0 - Production
  Time: 07-OCT-16 09:41:44
  Tracing not turned on.
  Tns error struct:
    nr err code: 12203
    TNS-12203: TNS:unable to connect to destination
    ns main err code: 12541
    TNS-12541: TNS:no listener
    ns secondary err code: 12560
    nt main err code: 511
    TNS-00511: No listener
    nt secondary err code: 0
    nt OS err code: 0
